<?xml version="1.0" encoding="UTF-8"?>
<!-- Generated by org.testng.reporters.JUnitXMLReporter -->
<testsuite hostname="VEV-IN" ignored="0" name="testrun1" tests="6" failures="1" timestamp="10 Sep 2020 19:13:54 GMT" time="0.247" errors="0">
  <testcase name="tcA1" time="0.04" classname="org.oracle.TCReRunJudgeFailed"/>
  <testcase name="tcA2" time="0.018" classname="org.oracle.TCReRunJudgeFailed">
    <skipped/>
  </testcase> <!-- tcA2 -->
  <testcase name="tcA2" time="0.007" classname="org.oracle.TCReRunJudgeFailed">
    <skipped/>
  </testcase> <!-- tcA2 -->
  <testcase name="tcA2" time="0.01" classname="org.oracle.TCReRunJudgeFailed">
    <skipped/>
  </testcase> <!-- tcA2 -->
  <testcase name="tcA2" time="0.006" classname="org.oracle.TCReRunJudgeFailed">
    <failure type="java.lang.AssertionError" message="Assert Failure in tcA2 expected [true] but found [false]">
      <![CDATA[java.lang.AssertionError: Assert Failure in tcA2 expected [true] but found [false]
at org.oracle.TCReRunJudgeFailed.tcA2(TCReRunJudgeFailed.java:15)
... Removed 28 stack frames]]>
    </failure>
  </testcase> <!-- tcA2 -->
  <testcase name="tcA3" time="0.003" classname="org.oracle.TCReRunJudgeFailed"/>
</testsuite> <!-- testrun1 -->
