<?xml version="1.0" encoding="UTF-8"?>
<!-- Generated by org.testng.reporters.JUnitXMLReporter -->
<testsuite hostname="VEV-IN" ignored="0" name="testrun1" tests="6" failures="1" timestamp="10 Sep 2020 19:24:59 GMT" time="0.254" errors="0">
  <testcase name="tcA1" time="0.052" classname="org.oracle.TCReRunAnyFailed"/>
  <testcase name="tcA2" time="0.016" classname="org.oracle.TCReRunAnyFailed">
    <skipped/>
  </testcase> <!-- tcA2 -->
  <testcase name="tcA2" time="0.003" classname="org.oracle.TCReRunAnyFailed">
    <skipped/>
  </testcase> <!-- tcA2 -->
  <testcase name="tcA2" time="0.008" classname="org.oracle.TCReRunAnyFailed">
    <skipped/>
  </testcase> <!-- tcA2 -->
  <testcase name="tcA2" time="0.004" classname="org.oracle.TCReRunAnyFailed">
    <failure type="java.lang.AssertionError" message="Assert Failure in tcA2 expected [true] but found [false]">
      <![CDATA[java.lang.AssertionError: Assert Failure in tcA2 expected [true] but found [false]
at org.oracle.TCReRunAnyFailed.tcA2(TCReRunAnyFailed.java:15)
... Removed 28 stack frames]]>
    </failure>
  </testcase> <!-- tcA2 -->
  <testcase name="tcA3" time="0.008" classname="org.oracle.TCReRunAnyFailed"/>
</testsuite> <!-- testrun1 -->
